<?xml version="1.0" encoding="UTF-8"?>
<testng-results ignored="0" total="3" passed="3" failed="0" skipped="0">
  <reporter-output>
  </reporter-output>
  <suite started-at="2022-04-29T10:53:23 IST" name="Default suite" finished-at="2022-04-29T10:53:23 IST" duration-ms="58">
    <groups>
      <group name="regression">
        <method signature="SecondTest.secondTest()[pri:0, instance:com.MAVEN_Practies.SecondTest@36916eb0]" name="secondTest" class="com.MAVEN_Practies.SecondTest"/>
        <method signature="SecondTest.testdata2()[pri:0, instance:com.MAVEN_Practies.SecondTest@36916eb0]" name="testdata2" class="com.MAVEN_Practies.SecondTest"/>
      </group> <!-- regression -->
      <group name="smoke">
        <method signature="SecondTest.testdata()[pri:0, instance:com.MAVEN_Practies.SecondTest@36916eb0]" name="testdata" class="com.MAVEN_Practies.SecondTest"/>
      </group> <!-- smoke -->
    </groups>
    <test started-at="2022-04-29T10:53:23 IST" name="Default test" finished-at="2022-04-29T10:53:23 IST" duration-ms="58">
      <class name="com.MAVEN_Practies.SecondTest">
        <test-method signature="secondTest()[pri:0, instance:com.MAVEN_Practies.SecondTest@36916eb0]" started-at="2022-04-29T10:53:23 IST" name="secondTest" finished-at="2022-04-29T10:53:23 IST" duration-ms="10" status="PASS">
          <reporter-output>
          </reporter-output>
        </test-method> <!-- secondTest -->
        <test-method signature="testdata()[pri:0, instance:com.MAVEN_Practies.SecondTest@36916eb0]" started-at="2022-04-29T10:53:23 IST" name="testdata" finished-at="2022-04-29T10:53:23 IST" duration-ms="2" status="PASS">
          <reporter-output>
          </reporter-output>
        </test-method> <!-- testdata -->
        <test-method signature="testdata2()[pri:0, instance:com.MAVEN_Practies.SecondTest@36916eb0]" started-at="2022-04-29T10:53:23 IST" name="testdata2" finished-at="2022-04-29T10:53:23 IST" duration-ms="1" status="PASS">
          <reporter-output>
          </reporter-output>
        </test-method> <!-- testdata2 -->
      </class> <!-- com.MAVEN_Practies.SecondTest -->
    </test> <!-- Default test -->
  </suite> <!-- Default suite -->
</testng-results>
