<?xml version="1.0" encoding="UTF-8"?>
<!-- Generated by org.testng.reporters.JUnitXMLReporter -->
<testsuite ignored="0" hostname="DESKTOP-KJQ2V0H" failures="0" tests="3" name="Default test" time="0.058" errors="0" timestamp="2022-04-29T10:53:23 IST">
  <testcase classname="com.MAVEN_Practies.SecondTest" name="secondTest" time="0.01"/>
  <testcase classname="com.MAVEN_Practies.SecondTest" name="testdata" time="0.002"/>
  <testcase classname="com.MAVEN_Practies.SecondTest" name="testdata2" time="0.001"/>
</testsuite> <!-- Default test -->
