<?xml version="1.0" encoding="UTF-8"?>
<!-- Generated by org.testng.reporters.JUnitXMLReporter -->
<testsuite ignored="1" hostname="DESKTOP-KJQ2V0H" failures="0" tests="2" name="Test" time="0.052" errors="0" timestamp="2022-04-29T10:52:49 IST">
  <testcase classname="com.MAVEN_Practies.ReadingTheDataFromCommandLineTest" name="ReadingTheDataFromCommandTest" time="0.009"/>
  <testcase classname="com.MAVEN_Practies.ReadingTheDataFromCommandLineTest" name="fistdata" time="0.002"/>
  <testcase classname="com.MAVEN_Practies.ReadingTheDataFromCommandLineTest" name="data" time="0.0">
    <ignored/>
  </testcase> <!-- data -->
</testsuite> <!-- Test -->
